<?xml version="1.0" encoding="UTF-8"?>
<testsuite xmlns:xsi="http://www.w3.org/2001/XMLSchema-instance" xsi:noNamespaceSchemaLocation="https://maven.apache.org/surefire/maven-surefire-plugin/xsd/surefire-test-report-3.0.xsd" version="3.0" name="com.proyecto.proyectocalidad.ProyectoCalidadApplicationTests" time="6.708" tests="1" errors="0" skipped="0" failures="0">
  <properties>
[...]
</properties>
  <testcase name="contextLoads" classname="com.proyecto.proyectocalidad.ProyectoCalidadApplicationTests" time="0.448">
    <system-out><![CDATA[22:48:37.162 [main] INFO org.springframework.test.context.support.AnnotationConfigContextLoaderUtils -- Could not detect default configuration classes for test class [com.proyecto.proyectocalidad.ProyectoCalidadApplicationTests]: ProyectoCalidadApplicationTests does not declare any static, non-private, non-final, nested classes annotated with @Configuration.
22:48:37.249 [main] INFO org.springframework.boot.test.context.SpringBootTestContextBootstrapper -- Found @SpringBootConfiguration com.proyecto.proyectocalidad.ProyectoCalidadApplication for test class com.proyecto.proyectocalidad.ProyectoCalidadApplicationTests

  .   ____          _            __ _ _
 /\\ / ___'_ __ _ _(_)_ __  __ _ \ \ \ \
( ( )\___ | '_ | '_| | '_ \/ _` | \ \ \ \
 \\/  ___)| |_)| | | | | || (_| |  ) ) ) )
  '  |____| .__|_| |_|_| |_\__, | / / / /
 =========|_|==============|___/=/_/_/_/
 :: Spring Boot ::                (v3.2.0)

2024-02-06T22:48:37.598-05:00  INFO 7916 --- [           main] c.p.p.ProyectoCalidadApplicationTests    : Starting ProyectoCalidadApplicationTests using Java 19.0.2 with PID 7916 (started by Jose in C:\Users\Jose\OneDrive - Escuela Politécnica Nacional\UNIVERSIDAD\SEXTO\Calidad de Software\Proyecto Sansckrito\proyectoCalidad)
2024-02-06T22:48:37.599-05:00  INFO 7916 --- [           main] c.p.p.ProyectoCalidadApplicationTests    : No active profile set, falling back to 1 default profile: "default"
2024-02-06T22:48:38.249-05:00  INFO 7916 --- [           main] .s.d.r.c.RepositoryConfigurationDelegate : Multiple Spring Data modules found, entering strict repository configuration mode
2024-02-06T22:48:38.250-05:00  INFO 7916 --- [           main] .s.d.r.c.RepositoryConfigurationDelegate : Bootstrapping Spring Data JDBC repositories in DEFAULT mode.
2024-02-06T22:48:38.276-05:00  INFO 7916 --- [           main] .RepositoryConfigurationExtensionSupport : Spring Data JDBC - Could not safely identify store assignment for repository candidate interface com.proyecto.proyectocalidad.Repositories.DiccionaryRepository; If you want this repository to be a JDBC repository, consider annotating your entities with one of these annotations: org.springframework.data.relational.core.mapping.Table.
2024-02-06T22:48:38.277-05:00  INFO 7916 --- [           main] .s.d.r.c.RepositoryConfigurationDelegate : Finished Spring Data repository scanning in 23 ms. Found 0 JDBC repository interfaces.
2024-02-06T22:48:38.288-05:00  INFO 7916 --- [           main] .s.d.r.c.RepositoryConfigurationDelegate : Multiple Spring Data modules found, entering strict repository configuration mode
2024-02-06T22:48:38.289-05:00  INFO 7916 --- [           main] .s.d.r.c.RepositoryConfigurationDelegate : Bootstrapping Spring Data JPA repositories in DEFAULT mode.
2024-02-06T22:48:38.395-05:00  INFO 7916 --- [           main] .s.d.r.c.RepositoryConfigurationDelegate : Finished Spring Data repository scanning in 102 ms. Found 1 JPA repository interface.
2024-02-06T22:48:38.709-05:00  WARN 7916 --- [           main] trationDelegate$BeanPostProcessorChecker : Bean 'org.springframework.ws.config.annotation.DelegatingWsConfiguration' of type [org.springframework.ws.config.annotation.DelegatingWsConfiguration$$SpringCGLIB$$0] is not eligible for getting processed by all BeanPostProcessors (for example: not eligible for auto-proxying). The currently created BeanPostProcessor [annotationActionEndpointMapping] is declared through a non-static factory method on that class; consider declaring it as static instead.
2024-02-06T22:48:38.759-05:00  INFO 7916 --- [           main] .w.s.a.s.AnnotationActionEndpointMapping : Supporting [WS-Addressing August 2004, WS-Addressing 1.0]
2024-02-06T22:48:38.936-05:00  INFO 7916 --- [           main] o.hibernate.jpa.internal.util.LogHelper  : HHH000204: Processing PersistenceUnitInfo [name: default]
2024-02-06T22:48:39.011-05:00  INFO 7916 --- [           main] org.hibernate.Version                    : HHH000412: Hibernate ORM core version 6.3.1.Final
2024-02-06T22:48:39.061-05:00  INFO 7916 --- [           main] o.h.c.internal.RegionFactoryInitiator    : HHH000026: Second-level cache disabled
2024-02-06T22:48:39.355-05:00  INFO 7916 --- [           main] o.s.o.j.p.SpringPersistenceUnitInfo      : No LoadTimeWeaver setup: ignoring JPA class transformer
2024-02-06T22:48:39.389-05:00  INFO 7916 --- [           main] com.zaxxer.hikari.HikariDataSource       : HikariPool-1 - Starting...
2024-02-06T22:48:40.910-05:00  INFO 7916 --- [           main] com.zaxxer.hikari.pool.HikariPool        : HikariPool-1 - Added connection com.mysql.cj.jdbc.ConnectionImpl@52d63b7e
2024-02-06T22:48:40.913-05:00  INFO 7916 --- [           main] com.zaxxer.hikari.HikariDataSource       : HikariPool-1 - Start completed.
2024-02-06T22:48:41.050-05:00  WARN 7916 --- [           main] org.hibernate.orm.deprecation            : HHH90000025: MySQL57Dialect does not need to be specified explicitly using 'hibernate.dialect' (remove the property setting and it will be selected by default)
2024-02-06T22:48:41.051-05:00  WARN 7916 --- [           main] org.hibernate.orm.deprecation            : HHH90000026: MySQL57Dialect has been deprecated; use org.hibernate.dialect.MySQLDialect instead
2024-02-06T22:48:41.339-05:00  WARN 7916 --- [           main] org.hibernate.mapping.RootClass          : HHH000038: Composite-id class does not override equals(): com.proyecto.proyectocalidad.Models.DiccionaryWordModel$IdDiccionaryWord
2024-02-06T22:48:41.339-05:00  WARN 7916 --- [           main] org.hibernate.mapping.RootClass          : HHH000039: Composite-id class does not override hashCode(): com.proyecto.proyectocalidad.Models.DiccionaryWordModel$IdDiccionaryWord
2024-02-06T22:48:41.965-05:00  INFO 7916 --- [           main] o.h.e.t.j.p.i.JtaPlatformInitiator       : HHH000489: No JTA platform available (set 'hibernate.transaction.jta.platform' to enable JTA platform integration)
2024-02-06T22:48:41.968-05:00  INFO 7916 --- [           main] j.LocalContainerEntityManagerFactoryBean : Initialized JPA EntityManagerFactory for persistence unit 'default'
2024-02-06T22:48:42.408-05:00  WARN 7916 --- [           main] JpaBaseConfiguration$JpaWebConfiguration : spring.jpa.open-in-view is enabled by default. Therefore, database queries may be performed during view rendering. Explicitly configure spring.jpa.open-in-view to disable this warning
2024-02-06T22:48:43.259-05:00  INFO 7916 --- [           main] c.p.p.ProyectoCalidadApplicationTests    : Started ProyectoCalidadApplicationTests in 5.867 seconds (process running for 6.671)
]]></system-out>
  </testcase>
</testsuite>